<?xml version="1.0" encoding="UTF-8"?>
<robot generator="Robot 3.2.2 (Python 3.9.0 on win32)" generated="20201227 21:39:58.555" rpa="false">
<suite id="s1" name="Alerts" source="C:\Users\vikky\PycharmProjects\Automation\TestCases\Alerts.robot">
<test id="s1-t1" name="HandlingAlerts">
<kw name="Open Browser" library="SeleniumLibrary">
<doc>Opens a new browser instance to the optional ``url``.</doc>
<arguments>
<arg>https://testautomationpractice.blogspot.com/</arg>
<arg>chrome</arg>
</arguments>
<msg timestamp="20201227 21:39:58.843" level="INFO">Opening browser 'chrome' to base url 'https://testautomationpractice.blogspot.com/'.</msg>
<status status="PASS" starttime="20201227 21:39:58.843" endtime="20201227 21:40:11.440"></status>
</kw>
<kw name="Click Element" library="SeleniumLibrary">
<doc>Click the element identified by ``locator``.</doc>
<arguments>
<arg>xpath://*[@id="HTML9"]/div[1]/button</arg>
</arguments>
<msg timestamp="20201227 21:40:11.440" level="INFO">Clicking element 'xpath://*[@id="HTML9"]/div[1]/button'.</msg>
<status status="PASS" starttime="20201227 21:40:11.440" endtime="20201227 21:40:12.351"></status>
</kw>
<kw name="Sleep" library="BuiltIn">
<doc>Pauses the test executed for the given time.</doc>
<arguments>
<arg>3</arg>
</arguments>
<msg timestamp="20201227 21:40:15.354" level="INFO">Slept 3 seconds</msg>
<status status="PASS" starttime="20201227 21:40:12.351" endtime="20201227 21:40:15.354"></status>
</kw>
<kw name="Alert Should Not Be Present" library="SeleniumLibrary">
<doc>Verifies that no alert is present.</doc>
<arguments>
<arg>Press a button!</arg>
</arguments>
<kw name="Capture Page Screenshot" library="SeleniumLibrary">
<doc>Takes a screenshot of the current page and embeds it into a log file.</doc>
<msg timestamp="20201227 21:40:16.244" level="FAIL">UnexpectedAlertPresentException: Alert Text: Press a button!
Message: unexpected alert open: {Alert text : Press a button!}
  (Session info: chrome=87.0.4280.88)
</msg>
<status status="FAIL" starttime="20201227 21:40:15.354" endtime="20201227 21:40:16.244"></status>
</kw>
<msg timestamp="20201227 21:40:16.244" level="WARN">Keyword 'Capture Page Screenshot' could not be run on failure: UnexpectedAlertPresentException: Alert Text: Press a button!
Message: unexpected alert open: {Alert text : Press a button!}
  (Session info: chrome=87.0.4280.88)
</msg>
<msg timestamp="20201227 21:40:16.383" level="FAIL">ValueError: Invalid alert action 'PRESS A BUTTON!'.</msg>
<status status="FAIL" starttime="20201227 21:40:15.354" endtime="20201227 21:40:16.383"></status>
</kw>
<status status="FAIL" starttime="20201227 21:39:58.843" endtime="20201227 21:40:16.391" critical="yes">ValueError: Invalid alert action 'PRESS A BUTTON!'.</status>
</test>
<status status="FAIL" starttime="20201227 21:39:58.555" endtime="20201227 21:40:16.391"></status>
</suite>
<statistics>
<total>
<stat pass="0" fail="1">Critical Tests</stat>
<stat pass="0" fail="1">All Tests</stat>
</total>
<tag>
</tag>
<suite>
<stat pass="0" fail="1" id="s1" name="Alerts">Alerts</stat>
</suite>
</statistics>
<errors>
<msg timestamp="20201227 21:40:16.244" level="WARN">Keyword 'Capture Page Screenshot' could not be run on failure: UnexpectedAlertPresentException: Alert Text: Press a button!
Message: unexpected alert open: {Alert text : Press a button!}
  (Session info: chrome=87.0.4280.88)
</msg>
</errors>
</robot>
